<?xml version="1.0" encoding="UTF-8"?>
<!-- Generated by org.testng.reporters.JUnitReportReporter -->
<testsuite hostname="DESKTOP-MUPOVES" failures="0" tests="2" name="com.qa.api.gorest.tests.GetUserTest" time="4.066" errors="0" timestamp="12 Jan 2022 08:08:41 GMT" skipped="0">
  <testcase classname="com.qa.api.gorest.tests.GetUserTest" name="getUserListWithQueryParamsAPITest" time="0.266"/>
  <testcase classname="com.qa.api.gorest.tests.GetUserTest" name="getAllUserListAPITest" time="3.800"/>
</testsuite> <!-- com.qa.api.gorest.tests.GetUserTest -->
