<?xml version="1.0" encoding="UTF-8"?>
<!-- Generated by org.testng.reporters.JUnitReportReporter -->
<testsuite hostname="DESKTOP-MUPOVES" failures="0" tests="3" name="rough.CallingTestWithinTest" time="0.020" errors="0" timestamp="2022-01-07T20:12:23 IST" skipped="0">
  <testcase classname="rough.CallingTestWithinTest" name="t3" time="0.002"/>
  <system-out/>
  <testcase classname="rough.CallingTestWithinTest" name="t1" time="0.014"/>
  <system-out/>
  <testcase classname="rough.CallingTestWithinTest" name="t2" time="0.004"/>
  <system-out/>
</testsuite> <!-- rough.CallingTestWithinTest -->
