<?xml version="1.0" encoding="UTF-8"?>
<!-- Generated by org.testng.reporters.JUnitReportReporter -->
<testsuite hostname="DESKTOP-MUPOVES" failures="0" tests="1" name="com.qa.api.gorest.tests.getIAmGurTest" time="5.619" errors="0" timestamp="2022-01-08T08:38:05 IST" skipped="0">
  <testcase classname="com.qa.api.gorest.tests.getIAmGurTest" name="getAccountBlockStatusTest" time="5.619"/>
  <system-out/>
</testsuite> <!-- com.qa.api.gorest.tests.getIAmGurTest -->
