<?xml version="1.0" encoding="UTF-8"?>
<!-- Generated by org.testng.reporters.JUnitReportReporter -->
<testsuite hostname="DESKTOP-MUPOVES" failures="0" tests="8" name="com.qa.api.gorest.tests.CreateUserTest" time="5.140" errors="0" timestamp="12 Jan 2022 08:19:38 GMT" skipped="0">
  <testcase classname="com.qa.api.gorest.tests.CreateUserTest" name="createUserAPIPOSTUsingHashMapTest" time="0.261"/>
  <testcase classname="com.qa.api.gorest.tests.CreateUserTest" name="createUserAPIPOSTTest" time="0.247"/>
  <testcase classname="com.qa.api.gorest.tests.CreateUserTest" name="createUserAPIPOSTTest" time="0.267"/>
  <testcase classname="com.qa.api.gorest.tests.CreateUserTest" name="createUserAPIPOSTUsingHashMapTest" time="0.241"/>
  <testcase classname="com.qa.api.gorest.tests.CreateUserTest" name="createUserAPIPOSTTest" time="3.368"/>
  <testcase classname="com.qa.api.gorest.tests.CreateUserTest" name="createUserAPIPOSTUsingHashMapTest" time="0.237"/>
  <testcase classname="com.qa.api.gorest.tests.CreateUserTest" name="createUserAPIPOSTTest" time="0.270"/>
  <testcase classname="com.qa.api.gorest.tests.CreateUserTest" name="createUserAPIPOSTUsingHashMapTest" time="0.249"/>
</testsuite> <!-- com.qa.api.gorest.tests.CreateUserTest -->
