<?xml version="1.0" encoding="UTF-8"?>
<!-- Generated by org.testng.reporters.JUnitReportReporter -->
<testsuite hostname="DESKTOP-MUPOVES" failures="0" tests="1" name="com.qa.api.gorest.util.Token" time="7.714" errors="0" timestamp="2022-01-07T20:09:43 IST" skipped="0">
  <testcase classname="com.qa.api.gorest.util.Token" name="getAccessToken" time="7.714"/>
  <system-out/>
</testsuite> <!-- com.qa.api.gorest.util.Token -->
