<?xml version="1.0" encoding="UTF-8"?>
<!-- Generated by org.testng.reporters.JUnitReportReporter -->
<testsuite hostname="DESKTOP-MUPOVES" failures="0" tests="1" name="rough.jFairyDemo" time="0.262" errors="1" timestamp="2022-01-07T14:38:55 IST" skipped="0">
  <testcase classname="rough.jFairyDemo" name="jFairyExamples" time="0.262">
    <error message="com.google.common.util.concurrent.ExecutionError: java.lang.ExceptionInInitializerError" type="com.google.common.util.concurrent.ExecutionError">
      <![CDATA[com.google.common.util.concurrent.ExecutionError: com.google.common.util.concurrent.ExecutionError: java.lang.ExceptionInInitializerError
at com.google.common.cache.LocalCache$Segment.get(LocalCache.java:2212)
at com.google.common.cache.LocalCache.get(LocalCache.java:4053)
at com.google.common.cache.LocalCache.getOrLoad(LocalCache.java:4057)
at com.google.common.cache.LocalCache$LocalLoadingCache.get(LocalCache.java:4986)
at com.google.common.cache.LocalCache$LocalLoadingCache.getUnchecked(LocalCache.java:4992)
at com.google.inject.internal.FailableCache.get(FailableCache.java:48)
at com.google.inject.internal.ConstructorInjectorStore.get(ConstructorInjectorStore.java:50)
at com.google.inject.internal.ConstructorBindingImpl.initialize(ConstructorBindingImpl.java:138)
at com.google.inject.internal.InjectorImpl.initializeJitBinding(InjectorImpl.java:550)
at com.google.inject.internal.InjectorImpl.createJustInTimeBinding(InjectorImpl.java:887)
at com.google.inject.internal.InjectorImpl.createJustInTimeBindingRecursive(InjectorImpl.java:808)
at com.google.inject.internal.InjectorImpl.getJustInTimeBinding(InjectorImpl.java:285)
at com.google.inject.internal.InjectorImpl.getBindingOrThrow(InjectorImpl.java:217)
at com.google.inject.internal.InjectorImpl.getProviderOrThrow(InjectorImpl.java:1009)
at com.google.inject.internal.InjectorImpl.getProvider(InjectorImpl.java:1041)
at com.google.inject.internal.InjectorImpl.getProvider(InjectorImpl.java:1004)
at com.google.inject.internal.InjectorImpl.getInstance(InjectorImpl.java:1054)
at io.codearte.jfairy.Bootstrap$Builder.getDefaultDataMaster(Bootstrap.java:164)
at io.codearte.jfairy.Bootstrap$Builder.build(Bootstrap.java:224)
at io.codearte.jfairy.Bootstrap.create(Bootstrap.java:82)
at io.codearte.jfairy.Fairy.create(Fairy.java:48)
at rough.jFairyDemo.jFairyExamples(jFairyDemo.java:16)
at java.base/jdk.internal.reflect.NativeMethodAccessorImpl.invoke0(Native Method)
at java.base/jdk.internal.reflect.NativeMethodAccessorImpl.invoke(NativeMethodAccessorImpl.java:78)
at java.base/jdk.internal.reflect.DelegatingMethodAccessorImpl.invoke(DelegatingMethodAccessorImpl.java:43)
at java.base/java.lang.reflect.Method.invoke(Method.java:567)
at org.testng.internal.MethodInvocationHelper.invokeMethod(MethodInvocationHelper.java:133)
at org.testng.internal.TestInvoker.invokeMethod(TestInvoker.java:598)
at org.testng.internal.TestInvoker.invokeTestMethod(TestInvoker.java:173)
at org.testng.internal.MethodRunner.runInSequence(MethodRunner.java:46)
at org.testng.internal.TestInvoker$MethodInvocationAgent.invoke(TestInvoker.java:824)
at org.testng.internal.TestInvoker.invokeTestMethods(TestInvoker.java:146)
at org.testng.internal.TestMethodWorker.invokeTestMethods(TestMethodWorker.java:146)
at org.testng.internal.TestMethodWorker.run(TestMethodWorker.java:128)
at java.base/java.util.ArrayList.forEach(ArrayList.java:1511)
at org.testng.TestRunner.privateRun(TestRunner.java:794)
at org.testng.TestRunner.run(TestRunner.java:596)
at org.testng.SuiteRunner.runTest(SuiteRunner.java:377)
at org.testng.SuiteRunner.runSequentially(SuiteRunner.java:371)
at org.testng.SuiteRunner.privateRun(SuiteRunner.java:332)
at org.testng.SuiteRunner.run(SuiteRunner.java:276)
at org.testng.SuiteRunnerWorker.runSuite(SuiteRunnerWorker.java:53)
at org.testng.SuiteRunnerWorker.run(SuiteRunnerWorker.java:96)
at org.testng.TestNG.runSuitesSequentially(TestNG.java:1212)
at org.testng.TestNG.runSuitesLocally(TestNG.java:1134)
at org.testng.TestNG.runSuites(TestNG.java:1063)
at org.testng.TestNG.run(TestNG.java:1031)
at org.testng.remote.AbstractRemoteTestNG.run(AbstractRemoteTestNG.java:115)
at org.testng.remote.RemoteTestNG.initAndRun(RemoteTestNG.java:251)
at org.testng.remote.RemoteTestNG.main(RemoteTestNG.java:77)
Caused by: com.google.common.util.concurrent.ExecutionError: java.lang.ExceptionInInitializerError
at com.google.common.cache.LocalCache$Segment.get(LocalCache.java:2212)
at com.google.common.cache.LocalCache.get(LocalCache.java:4053)
at com.google.common.cache.LocalCache.getOrLoad(LocalCache.java:4057)
at com.google.common.cache.LocalCache$LocalLoadingCache.get(LocalCache.java:4986)
at com.google.common.cache.LocalCache$LocalLoadingCache.getUnchecked(LocalCache.java:4992)
at com.google.inject.internal.FailableCache.get(FailableCache.java:48)
at com.google.inject.internal.ConstructorInjectorStore.get(ConstructorInjectorStore.java:50)
at com.google.inject.internal.ConstructorBindingImpl.initialize(ConstructorBindingImpl.java:138)
at com.google.inject.internal.InjectorImpl.initializeJitBinding(InjectorImpl.java:550)
at com.google.inject.internal.InjectorImpl.createJustInTimeBinding(InjectorImpl.java:887)
at com.google.inject.internal.InjectorImpl.createJustInTimeBindingRecursive(InjectorImpl.java:808)
at com.google.inject.internal.InjectorImpl.getJustInTimeBinding(InjectorImpl.java:285)
at com.google.inject.internal.InjectorImpl.getBindingOrThrow(InjectorImpl.java:217)
at com.google.inject.internal.InjectorImpl.createParameterInjector(InjectorImpl.java:965)
at com.google.inject.internal.InjectorImpl.getParametersInjectors(InjectorImpl.java:953)
at com.google.inject.internal.ConstructorInjectorStore.createConstructor(ConstructorInjectorStore.java:71)
at com.google.inject.internal.ConstructorInjectorStore.access$000(ConstructorInjectorStore.java:29)
at com.google.inject.internal.ConstructorInjectorStore$1.create(ConstructorInjectorStore.java:37)
at com.google.inject.internal.ConstructorInjectorStore$1.create(ConstructorInjectorStore.java:33)
at com.google.inject.internal.FailableCache$1.load(FailableCache.java:37)
at com.google.common.cache.LocalCache$LoadingValueReference.loadFuture(LocalCache.java:3628)
at com.google.common.cache.LocalCache$Segment.loadSync(LocalCache.java:2336)
at com.google.common.cache.LocalCache$Segment.lockedGetOrLoad(LocalCache.java:2295)
at com.google.common.cache.LocalCache$Segment.get(LocalCache.java:2208)
... 49 more
Caused by: java.lang.ExceptionInInitializerError
at com.google.inject.internal.cglib.reflect.$FastClass$Generator.getProtectionDomain(FastClass.java:73)
at com.google.inject.internal.cglib.core.$AbstractClassGenerator.create(AbstractClassGenerator.java:206)
at com.google.inject.internal.cglib.reflect.$FastClass$Generator.create(FastClass.java:65)
at com.google.inject.internal.BytecodeGen.newFastClassForMember(BytecodeGen.java:252)
at com.google.inject.internal.BytecodeGen.newFastClassForMember(BytecodeGen.java:203)
at com.google.inject.internal.DefaultConstructionProxyFactory.create(DefaultConstructionProxyFactory.java:53)
at com.google.inject.internal.ProxyFactory.create(ProxyFactory.java:158)
at com.google.inject.internal.ConstructorInjectorStore.createConstructor(ConstructorInjectorStore.java:90)
at com.google.inject.internal.ConstructorInjectorStore.access$000(ConstructorInjectorStore.java:29)
at com.google.inject.internal.ConstructorInjectorStore$1.create(ConstructorInjectorStore.java:37)
at com.google.inject.internal.ConstructorInjectorStore$1.create(ConstructorInjectorStore.java:33)
at com.google.inject.internal.FailableCache$1.load(FailableCache.java:37)
at com.google.common.cache.LocalCache$LoadingValueReference.loadFuture(LocalCache.java:3628)
at com.google.common.cache.LocalCache$Segment.loadSync(LocalCache.java:2336)
at com.google.common.cache.LocalCache$Segment.lockedGetOrLoad(LocalCache.java:2295)
at com.google.common.cache.LocalCache$Segment.get(LocalCache.java:2208)
... 72 more
Caused by: java.lang.reflect.InaccessibleObjectException: Unable to make protected final java.lang.Class java.lang.ClassLoader.defineClass(java.lang.String,byte[],int,int,java.security.ProtectionDomain) throws java.lang.ClassFormatError accessible: module java.base does not "opens java.lang" to unnamed module @6cc4c815
at java.base/java.lang.reflect.AccessibleObject.checkCanSetAccessible(AccessibleObject.java:357)
at java.base/java.lang.reflect.AccessibleObject.checkCanSetAccessible(AccessibleObject.java:297)
at java.base/java.lang.reflect.Method.checkCanSetAccessible(Method.java:199)
at java.base/java.lang.reflect.Method.setAccessible(Method.java:193)
at com.google.inject.internal.cglib.core.$ReflectUtils$1.run(ReflectUtils.java:52)
at java.base/java.security.AccessController.doPrivileged(AccessController.java:312)
at com.google.inject.internal.cglib.core.$ReflectUtils.<clinit>(ReflectUtils.java:42)
... 88 more
]]>
    </error>
  </testcase> <!-- jFairyExamples -->
  <system-out/>
</testsuite> <!-- rough.jFairyDemo -->
