<?xml version="1.0" encoding="UTF-8"?>
<!-- Generated by org.testng.reporters.JUnitReportReporter -->
<testsuite hostname="DESKTOP-MUPOVES" failures="0" tests="4" name="rough.DataProvideMultiple" time="0.022" errors="0" timestamp="12 Jan 2022 06:59:46 GMT" skipped="0">
  <testcase classname="rough.DataProvideMultiple" name="test001" time="0.005"/>
  <testcase classname="rough.DataProvideMultiple" name="test002" time="0.002"/>
  <testcase classname="rough.DataProvideMultiple" name="test002" time="0.003"/>
  <testcase classname="rough.DataProvideMultiple" name="test001" time="0.012"/>
</testsuite> <!-- rough.DataProvideMultiple -->
