<?xml version="1.0" encoding="UTF-8"?>
<!-- Generated by org.testng.reporters.JUnitReportReporter -->
<testsuite hostname="DESKTOP-MUPOVES" failures="0" tests="1" name="com.qa.api.gorest.tests.DeleteUserTest" time="4.103" errors="0" timestamp="2022-01-08T09:21:50 IST" skipped="0">
  <testcase classname="com.qa.api.gorest.tests.DeleteUserTest" name="deletesingleUser_createAndThenDeleteAPITest" time="4.103"/>
  <system-out/>
</testsuite> <!-- com.qa.api.gorest.tests.DeleteUserTest -->
