<?xml version="1.0" encoding="UTF-8"?>
<!-- Generated by org.testng.reporters.JUnitReportReporter -->
<testsuite hostname="DESKTOP-MUPOVES" failures="0" tests="1" name="rough.pojoPractice.MainObjectClass" time="0.279" errors="0" timestamp="2022-01-09T18:09:42 IST" skipped="0">
  <testcase classname="rough.pojoPractice.MainObjectClass" name="Tesst1" time="0.279"/>
  <system-out/>
</testsuite> <!-- rough.pojoPractice.MainObjectClass -->
