<?xml version="1.0" encoding="UTF-8"?>
<!-- Generated by org.testng.reporters.JUnitReportReporter -->
<testsuite hostname="DESKTOP-MUPOVES" failures="0" tests="5" name="rough.CSVParameterizationUsingOpenCSV" time="0.026" errors="0" timestamp="2022-01-07T13:57:40 IST" skipped="0">
  <testcase classname="rough.CSVParameterizationUsingOpenCSV" name="test001" time="0.005"/>
  <system-out/>
  <testcase classname="rough.CSVParameterizationUsingOpenCSV" name="test001" time="0.005"/>
  <system-out/>
  <testcase classname="rough.CSVParameterizationUsingOpenCSV" name="test001" time="0.009"/>
  <system-out/>
  <testcase classname="rough.CSVParameterizationUsingOpenCSV" name="test001" time="0.003"/>
  <system-out/>
  <testcase classname="rough.CSVParameterizationUsingOpenCSV" name="test001" time="0.004"/>
  <system-out/>
</testsuite> <!-- rough.CSVParameterizationUsingOpenCSV -->
