<?xml version="1.0" encoding="UTF-8"?>
<!-- Generated by org.testng.reporters.JUnitReportReporter -->
<testsuite hostname="DESKTOP-MUPOVES" failures="0" tests="4" name="rough.ParameterPassingUsingHashMap" time="0.027" errors="0" timestamp="2022-01-07T16:05:12 IST" skipped="0">
  <testcase classname="rough.ParameterPassingUsingHashMap" name="test001" time="0.006"/>
  <system-out/>
  <testcase classname="rough.ParameterPassingUsingHashMap" name="test001" time="0.002"/>
  <system-out/>
  <testcase classname="rough.ParameterPassingUsingHashMap" name="test001" time="0.010"/>
  <system-out/>
  <testcase classname="rough.ParameterPassingUsingHashMap" name="test001" time="0.009"/>
  <system-out/>
</testsuite> <!-- rough.ParameterPassingUsingHashMap -->
