<?xml version="1.0" encoding="UTF-8"?>
<!-- Generated by org.testng.reporters.JUnitReportReporter -->
<testsuite hostname="DESKTOP-MUPOVES" failures="0" tests="1" name="rough.pojoPractice.NestedJSONObjectTest" time="0.016" errors="0" timestamp="2022-01-09T19:18:49 IST" skipped="0">
  <testcase classname="rough.pojoPractice.NestedJSONObjectTest" name="Test1" time="0.016"/>
  <system-out/>
</testsuite> <!-- rough.pojoPractice.NestedJSONObjectTest -->
