<?xml version="1.0" encoding="UTF-8"?>
<!-- Generated by org.testng.reporters.JUnitReportReporter -->
<testsuite hostname="DESKTOP-MUPOVES" failures="0" tests="1" name="com.qa.api.gorest.tests.UpdateUserTest" time="14.269" errors="0" timestamp="2022-01-13T20:18:02 IST" skipped="0">
  <testcase classname="com.qa.api.gorest.tests.UpdateUserTest" name="updateUser_createAndThenDeleteAPITest" time="14.269"/>
  <system-out/>
</testsuite> <!-- com.qa.api.gorest.tests.UpdateUserTest -->
