<?xml version="1.0" encoding="UTF-8"?>
<!-- Generated by org.testng.reporters.JUnitReportReporter -->
<testsuite hostname="DESKTOP-MUPOVES" failures="0" tests="3" name="com.qa.api.gorest.tests.GetImgurAPITest" time="21.700" errors="0" timestamp="2022-01-13T20:18:02 IST" skipped="0">
  <testcase classname="com.qa.api.gorest.tests.GetImgurAPITest" name="uploadImagePostAPITest" time="6.415"/>
  <system-out/>
  <testcase classname="com.qa.api.gorest.tests.GetImgurAPITest" name="getAccountBlockStatusTest" time="9.109"/>
  <system-out/>
  <testcase classname="com.qa.api.gorest.tests.GetImgurAPITest" name="getAccountImagesTest" time="6.176"/>
  <system-out/>
</testsuite> <!-- com.qa.api.gorest.tests.GetImgurAPITest -->
