<?xml version="1.0" encoding="UTF-8"?>
<!-- Generated by org.testng.reporters.JUnitReportReporter -->
<testsuite hostname="DESKTOP-MUPOVES" failures="0" tests="2" name="com.qa.api.gorest.tests.GetUserTest" time="12.309" errors="0" timestamp="2022-01-13T20:18:02 IST" skipped="0">
  <testcase classname="com.qa.api.gorest.tests.GetUserTest" name="getUserListWithQueryParamsAPITest" time="0.524"/>
  <system-out/>
  <testcase classname="com.qa.api.gorest.tests.GetUserTest" name="getAllUserListAPITest" time="11.785"/>
  <system-out/>
</testsuite> <!-- com.qa.api.gorest.tests.GetUserTest -->
